<?xml version="1.0" encoding="UTF-8"?>
<testsuite xmlns:xsi="http://www.w3.org/2001/XMLSchema-instance" xsi:noNamespaceSchemaLocation="https://maven.apache.org/surefire/maven-surefire-plugin/xsd/surefire-test-report-3.0.xsd" version="3.0" name="com.fiap.tech.restaurante.usecase.UpdateReservationUseCaseTest" time="0.115" tests="4" errors="0" skipped="0" failures="0">
  <properties>
[...]
</properties>
  <testcase name="shouldThrowExceptionWhenNoAvailabilityFound" classname="com.fiap.tech.restaurante.usecase.UpdateReservationUseCaseTest" time="0.083"/>
  <testcase name="shouldThrowExceptionWhenReservationNotFound" classname="com.fiap.tech.restaurante.usecase.UpdateReservationUseCaseTest" time="0.008"/>
  <testcase name="shouldThrowExceptionWhenNotEnoughSeatsAvailable" classname="com.fiap.tech.restaurante.usecase.UpdateReservationUseCaseTest" time="0.006"/>
  <testcase name="shouldUpdateReservationSuccessfully" classname="com.fiap.tech.restaurante.usecase.UpdateReservationUseCaseTest" time="0.01"/>
</testsuite>